\BOOKMARK [0][-]{chapter*.2}{What is this book about?}{}% 1
\BOOKMARK [0][-]{chapter*.3}{Source Code}{}% 2
\BOOKMARK [0][-]{chapter*.4}{Development Environment}{}% 3
\BOOKMARK [-1][-]{part.1}{I Introduction}{}% 4
\BOOKMARK [0][-]{chapter.1}{Essential JavaScript Concepts}{part.1}% 5
\BOOKMARK [1][-]{section.1.1}{Variables}{chapter.1}% 6
\BOOKMARK [1][-]{section.1.2}{Functions}{chapter.1}% 7
\BOOKMARK [1][-]{section.1.3}{Arrays}{chapter.1}% 8
\BOOKMARK [1][-]{section.1.4}{Objects}{chapter.1}% 9
\BOOKMARK [2][-]{subsection.1.4.1}{A Prototype-Base Language}{section.1.4}% 10
\BOOKMARK [1][-]{section.1.5}{Classes}{chapter.1}% 11
\BOOKMARK [1][-]{section.1.6}{The Multiple Meanings of this}{chapter.1}% 12
\BOOKMARK [1][-]{section.1.7}{Modules}{chapter.1}% 13
\BOOKMARK [1][-]{section.1.8}{Single Thread Language}{chapter.1}% 14
\BOOKMARK [1][-]{section.1.9}{The Promise Object and the async/await Keywords}{chapter.1}% 15
\BOOKMARK [-1][-]{part.2}{II Understanding React}{}% 16
\BOOKMARK [0][-]{chapter.2}{Essential React Concepts}{part.2}% 17
\BOOKMARK [1][-]{section.2.1}{React Principles}{chapter.2}% 18
\BOOKMARK [1][-]{section.2.2}{Creating a React Project}{chapter.2}% 19
\BOOKMARK [1][-]{section.2.3}{React Components}{chapter.2}% 20
\BOOKMARK [1][-]{section.2.4}{Rendering Components}{chapter.2}% 21
\BOOKMARK [2][-]{subsection.2.4.1}{Styling}{section.2.4}% 22
\BOOKMARK [1][-]{section.2.5}{Props}{chapter.2}% 23
\BOOKMARK [1][-]{section.2.6}{State}{chapter.2}% 24
\BOOKMARK [1][-]{section.2.7}{Dealing with Events}{chapter.2}% 25
